pipewire
pipewire-alsa
pipewire-audio
pipewire-jack
pipewire-pulse
gst-plugin-pipewire
wireplumber
pavucontrol
pamixer
networkmanager
network-manager-applet
bluez
bluez-utils
blueman
brightnessctl
udiskie2
ufw
openssh
sddm-git
qt6-5compat
qt6-declarative
qt6-svg
hyprland
hyprpaper
hyprlock
hypridle
hyprpicker
hyprwayland-scanner-git
dunst
rofi-lbonn-wayland-git
waybar
wlogout
grimblast-git
slurp
swappy
cliphist
polkit-gnome
xdg-desktop-portal-hyprland
parallel
pacman-contrib
jq
imagemagick
libnotify
gtk3
gtk4
nwg-look
qt5ct
qt6ct
qt5-wayland
qt6-wayland
firefox
mpv
mousepad
obsidian
kitty
neovim
lsd
starship
fastfetch
wget
zoxide
tmux
stow
bat
pass
btop
wl-clipboard
xdg-user-dirs
man
zip
unzip
mesa
libva-intel-driver
intel-media-driver
vulkan-intel
noto-fonts
noto-fonts-cjk
noto-fonts-emoji
ttf-jetbrains-mono-nerd
ttf-font-awesome
ttf-material-design-icons-extended
ffmpeg
libjpeg-turbo
libpng
libwebp